[2026-01-21 08:13:47] [INFO] ==========================================
[2026-01-21 08:13:47] [INFO] AWS Resources Cleanup Script Started
[2026-01-21 08:13:47] [WARN] DRY-RUN MODE: No changes will be made
[2026-01-21 08:13:47] [INFO] ==========================================
[2026-01-21 08:13:47] [INFO] 
[2026-01-21 08:13:49] [INFO] [1/4] Searching for EC2 instances with tag Project=AutomationLab
[2026-01-21 08:13:50] [INFO] Found instances: i-example1 i-example2
[2026-01-21 08:13:50] [INFO] ✓ All instances terminated successfully
[2026-01-21 08:13:50] [INFO] [2/4] Searching for automation lab key pairs
[2026-01-21 08:13:50] [INFO] Deleting key pair: automation-lab-key-example1
[2026-01-21 08:13:50] [INFO] Deleting key pair: automation-lab-key-example2
[2026-01-21 08:13:50] [INFO] [3/4] Searching for security group: devops-sg
[2026-01-21 08:13:50] [INFO] ✓ Security group deletion attempted
[2026-01-21 08:13:50] [INFO] [4/4] Searching for automation lab S3 buckets
[2026-01-21 08:13:51] [INFO] Processing bucket: automation-lab-bucket-example1
[2026-01-21 08:13:51] [INFO] Processing bucket: automation-lab-bucket-example2
[2026-01-21 08:13:51] [INFO] 
[2026-01-21 08:13:51] [INFO] Cleaning up local tracking files...
[2026-01-21 08:13:51] [INFO] 
[2026-01-21 08:13:51] [INFO] ==========================================
[2026-01-21 08:13:51] [INFO] Cleanup Complete!
[2026-01-21 08:13:51] [INFO] ==========================================
[2026-01-21 08:13:51] [INFO] Check the log file for details: ./aws_project.log
[2026-01-21 08:16:00] [INFO] ==========================================
[2026-01-21 08:16:00] [INFO] S3 Bucket Creation Script Started
[2026-01-21 08:16:00] [WARN] DRY-RUN MODE: No changes will be made
[2026-01-21 08:16:00] [INFO] ==========================================
[2026-01-21 08:16:02] [INFO] [1/5] Creating S3 bucket: automation-lab-bucket-1768983360-azureadyramashertettehabot
[2026-01-21 08:16:02] [INFO] ✓ Bucket created: automation-lab-bucket-1768983360-azureadyramashertettehabot
[2026-01-21 08:16:02] [INFO] [2/5] Enabling versioning
[2026-01-21 08:16:02] [INFO] ✓ Versioning enabled
[2026-01-21 08:16:02] [INFO] [3/5] Adding tags
[2026-01-21 08:16:02] [INFO] ✓ Tags added (Project=AutomationLab, Environment=Development)
[2026-01-21 08:16:02] [INFO] [4/5] Creating sample file
[2026-01-21 08:16:03] [INFO] ✓ Sample file created: welcome.txt
[2026-01-21 08:16:03] [INFO] [5/5] Uploading file to S3
[2026-01-21 08:16:03] [INFO] ✓ File uploaded: s3://automation-lab-bucket-1768983360-azureadyramashertettehabot/welcome.txt
[2026-01-21 08:16:03] [INFO] 
[2026-01-21 08:16:03] [INFO] ==========================================
[2026-01-21 08:16:03] [INFO] S3 Bucket Created Successfully!
[2026-01-21 08:16:03] [INFO] ==========================================
[2026-01-21 08:16:03] [INFO] Bucket Name: automation-lab-bucket-1768983360-azureadyramashertettehabot
[2026-01-21 08:16:03] [INFO] Region: eu-central-1
[2026-01-21 08:16:03] [INFO] Versioning: Enabled
[2026-01-21 08:16:03] [INFO] Sample File: welcome.txt
[2026-01-21 08:16:03] [INFO] 
[2026-01-21 08:16:03] [INFO] To download the file:
[2026-01-21 08:16:03] [INFO]   aws s3 cp s3://automation-lab-bucket-1768983360-azureadyramashertettehabot/welcome.txt .
[2026-01-21 08:16:03] [INFO] 
[2026-01-21 08:16:03] [INFO] To list bucket contents:
[2026-01-21 08:16:03] [INFO]   aws s3 ls s3://automation-lab-bucket-1768983360-azureadyramashertettehabot/
[2026-01-21 08:16:04] [INFO] 
[2026-01-21 08:16:04] [INFO] To view file in browser:
[2026-01-21 08:16:04] [INFO]   https://automation-lab-bucket-1768983360-azureadyramashertettehabot.s3.eu-central-1.amazonaws.com/welcome.txt
[2026-01-21 08:16:04] [INFO] ==========================================
[2026-01-21 08:16:04] [INFO] Script completed successfully
